new_parse
process version:0, version_count:1, state:1, row:0, col:0
lex_external state:2, row:0, column:0
lexed_lookahead sym:_cmd_layout_start, size:0
shift state:2
process version:0, version_count:1, state:2, row:0, col:0
lex_external state:3, row:0, column:0
lexed_lookahead sym:_cmd_layout_start, size:0
detect_error lookahead:_cmd_layout_start
resume version:0
skip_token symbol:_cmd_layout_start
process version:0, version_count:1, state:0, row:0, col:0
lex_external state:1, row:0, column:0
lex_internal state:0, row:0, column:0
  consume character:'t'
  consume character:'e'
  consume character:'m'
  consume character:'p'
  consume character:'l'
  consume character:'a'
  consume character:'t'
  consume character:'e'
  consume character:'t'
  consume character:'e'
  consume character:'m'
  consume character:'p'
  consume character:'l'
  consume character:'a'
  consume character:'t'
  consume character:'e'
lexed_lookahead sym:template, size:8
skip_token symbol:template
process version:0, version_count:1, state:0, row:0, col:8
lex_external state:1, row:0, column:8
lex_internal state:0, row:0, column:8
  skip character:' '
  consume character:'M'
  consume character:'y'
  consume character:'T'
  consume character:'e'
  consume character:'m'
  consume character:'p'
  consume character:'l'
  consume character:'a'
  consume character:'t'
  consume character:'e'
lexed_lookahead sym:name, size:11
recover_to_previous state:2, depth:2
skip_token symbol:name
process version:1, version_count:2, state:2, row:0, col:8
lex_external state:3, row:0, column:8
lexed_lookahead sym:_cmd_layout_start, size:0
detect_error lookahead:_cmd_layout_start
condense
process version:0, version_count:1, state:0, row:0, col:19
lex_external state:1, row:0, column:19
lex_internal state:0, row:0, column:19
  consume character:10
lexed_lookahead sym:_token1, size:1
shift_extra
process version:0, version_count:1, state:0, row:1, col:0
lex_external state:1, row:1, column:0
lex_internal state:0, row:1, column:0
  skip character:' '
  skip character:' '
  consume character:'w'
  consume character:'i'
  consume character:'t'
  consume character:'h'
  consume character:'w'
  consume character:'i'
  consume character:'t'
  consume character:'h'
lexed_lookahead sym:with, size:6
skip_token symbol:with
process version:0, version_count:1, state:0, row:1, col:6
lex_external state:1, row:1, column:6
lex_internal state:0, row:1, column:6
  consume character:10
lexed_lookahead sym:_token1, size:1
shift_extra
process version:0, version_count:1, state:0, row:2, col:0
lex_external state:1, row:2, column:0
lex_internal state:0, row:2, column:0
  skip character:' '
  skip character:' '
  skip character:' '
  skip character:' '
  consume character:'o'
  consume character:'w'
  consume character:'n'
  consume character:'e'
  consume character:'r'
  consume character:'o'
lexed_lookahead sym:variable, size:9
recover_to_previous state:2, depth:2
skip_token symbol:variable
process version:1, version_count:2, state:2, row:2, col:0
lex_external state:3, row:2, column:0
lexed_lookahead sym:_cmd_layout_start, size:0
detect_error lookahead:_cmd_layout_start
condense
process version:0, version_count:1, state:0, row:2, col:9
lex_external state:1, row:2, column:9
lex_internal state:0, row:2, column:9
  consume character:':'
lexed_lookahead sym::, size:1
skip_token symbol::
process version:0, version_count:1, state:0, row:2, col:10
lex_external state:1, row:2, column:10
lex_internal state:0, row:2, column:10
  skip character:' '
  consume character:'P'
  consume character:'a'
  consume character:'r'
  consume character:'t'
  consume character:'y'
lexed_lookahead sym:name, size:6
recover_to_previous state:2, depth:2
skip_token symbol:name
process version:1, version_count:2, state:2, row:2, col:10
lex_external state:3, row:2, column:10
lexed_lookahead sym:_cmd_layout_start, size:0
detect_error lookahead:_cmd_layout_start
condense
process version:0, version_count:1, state:0, row:2, col:16
lex_external state:1, row:2, column:16
lex_internal state:0, row:2, column:16
  consume character:10
lexed_lookahead sym:_token1, size:1
shift_extra
process version:0, version_count:1, state:0, row:3, col:0
lex_external state:1, row:3, column:0
lex_internal state:0, row:3, column:0
  skip character:' '
  skip character:' '
  consume character:'w'
  consume character:'h'
  consume character:'e'
  consume character:'r'
  consume character:'e'
  consume character:'w'
  consume character:'h'
  consume character:'e'
  consume character:'r'
  consume character:'e'
lexed_lookahead sym:where, size:7
skip_token symbol:where
process version:0, version_count:1, state:0, row:3, col:7
lex_external state:1, row:3, column:7
lex_internal state:0, row:3, column:7
  consume character:10
lexed_lookahead sym:_token1, size:1
shift_extra
process version:0, version_count:1, state:0, row:4, col:0
lex_external state:1, row:4, column:0
lex_internal state:0, row:4, column:0
  skip character:' '
  skip character:' '
  skip character:' '
  skip character:' '
  consume character:'s'
  consume character:'i'
  consume character:'g'
  consume character:'n'
  consume character:'a'
  consume character:'t'
  consume character:'o'
  consume character:'r'
  consume character:'y'
  consume character:'s'
  consume character:'i'
  consume character:'g'
  consume character:'n'
  consume character:'a'
  consume character:'t'
  consume character:'o'
  consume character:'r'
  consume character:'y'
lexed_lookahead sym:signatory, size:13
skip_token symbol:signatory
process version:0, version_count:1, state:0, row:4, col:13
lex_external state:1, row:4, column:13
lex_internal state:0, row:4, column:13
  skip character:' '
  consume character:'o'
  consume character:'w'
  consume character:'n'
  consume character:'e'
  consume character:'r'
  consume character:'o'
lexed_lookahead sym:variable, size:6
recover_to_previous state:2, depth:2
skip_token symbol:variable
process version:1, version_count:2, state:2, row:4, col:13
lex_external state:3, row:4, column:13
lexed_lookahead sym:_cmd_layout_start, size:0
detect_error lookahead:_cmd_layout_start
condense
process version:0, version_count:1, state:0, row:4, col:19
lex_external state:1, row:4, column:19
lex_internal state:0, row:4, column:19
  consume character:10
lexed_lookahead sym:_token1, size:1
shift_extra
process version:0, version_count:1, state:0, row:5, col:0
lex_external state:1, row:5, column:0
lex_internal state:0, row:5, column:0
  consume character:10
lexed_lookahead sym:_token1, size:1
shift_extra
process version:0, version_count:1, state:0, row:6, col:0
lex_external state:1, row:6, column:0
lex_internal state:0, row:6, column:0
lexed_lookahead sym:end, size:0
recover_to_previous state:1, depth:3
recover_eof
process version:1, version_count:2, state:1, row:6, col:0
lex_external state:2, row:6, column:0
lexed_lookahead sym:_cmd_layout_start, size:0
shift state:2
process version:0, version_count:1, state:2, row:6, col:0
lex_external state:3, row:6, column:0
lexed_lookahead sym:_cmd_layout_start, size:0
detect_error lookahead:_cmd_layout_start
resume version:0
done
